<?xml version="1.0" encoding="UTF-8"?>
<testng-results skipped="0" failed="0" ignored="0" total="1" passed="1">
  <reporter-output>
  </reporter-output>
  <suite name="Default suite" duration-ms="2578" started-at="2021-08-12T19:27:09 BST" finished-at="2021-08-12T19:27:12 BST">
    <groups>
    </groups>
    <test name="Default test" duration-ms="2578" started-at="2021-08-12T19:27:09 BST" finished-at="2021-08-12T19:27:12 BST">
      <class name="Test03_PUT">
        <test-method status="PASS" signature="test_01()[pri:0, instance:Test03_PUT@56aac163]" name="test_01" duration-ms="2516" started-at="2021-08-12T19:27:10 BST" finished-at="2021-08-12T19:27:12 BST">
          <reporter-output>
          </reporter-output>
        </test-method> <!-- test_01 -->
      </class> <!-- Test03_PUT -->
    </test> <!-- Default test -->
  </suite> <!-- Default suite -->
</testng-results>
